[INFO] Scanning for projects...
[INFO] 
[INFO] ----------< co.id.virtual.game.web.app:virtual-game-web-app >-----------
[INFO] Building virtual-game-web-app 1.0-SNAPSHOT
[INFO]   from pom.xml
[INFO] --------------------------------[ war ]---------------------------------
[INFO] 
[INFO] >>> spring-boot:3.2.0:run (default-cli) > test-compile @ virtual-game-web-app >>>
[INFO] 
[INFO] --- resources:3.3.1:resources (default-resources) @ virtual-game-web-app ---
[INFO] Copying 5 resources from src/main/resources to target/classes
[INFO] Copying 1 resource from src/main/resources to target/classes
[INFO] 
[INFO] --- compiler:3.11.0:compile (default-compile) @ virtual-game-web-app ---
[INFO] Nothing to compile - all classes are up to date
[INFO] 
[INFO] --- resources:3.3.1:testResources (default-testResources) @ virtual-game-web-app ---
[INFO] skip non existing resourceDirectory /Users/orion_omniscient/Downloads/virtual-game-web-app/src/test/resources
[INFO] 
[INFO] --- compiler:3.11.0:testCompile (default-testCompile) @ virtual-game-web-app ---
[INFO] Nothing to compile - all classes are up to date
[INFO] 
[INFO] <<< spring-boot:3.2.0:run (default-cli) < test-compile @ virtual-game-web-app <<<
[INFO] 
[INFO] 
[INFO] --- spring-boot:3.2.0:run (default-cli) @ virtual-game-web-app ---
[INFO] Attaching agents: []

  .   ____          _            __ _ _
 /\\ / ___'_ __ _ _(_)_ __  __ _ \ \ \ \
( ( )\___ | '_ | '_| | '_ \/ _` | \ \ \ \
 \\/  ___)| |_)| | | | | || (_| |  ) ) ) )
  '  |____| .__|_| |_|_| |_\__, | / / / /
 =========|_|==============|___/=/_/_/_/
 :: Spring Boot ::                (v3.2.0)

2025-06-29T13:45:14.830+07:00  INFO 68367 --- [virtual-game-web-app] [           main] [                                                 ] c.i.v.g.w.a.VirtualGameWebAppApplication : Starting VirtualGameWebAppApplication using Java 21.0.7 with PID 68367 (/Users/orion_omniscient/Downloads/virtual-game-web-app/target/classes started by orion_omniscient in /Users/orion_omniscient/Downloads/virtual-game-web-app)
2025-06-29T13:45:14.835+07:00 DEBUG 68367 --- [virtual-game-web-app] [           main] [                                                 ] c.i.v.g.w.a.VirtualGameWebAppApplication : Running with Spring Boot v3.2.0, Spring v6.1.1
2025-06-29T13:45:14.836+07:00  INFO 68367 --- [virtual-game-web-app] [           main] [                                                 ] c.i.v.g.w.a.VirtualGameWebAppApplication : The following 1 profile is active: "local"
2025-06-29T13:45:22.308+07:00  INFO 68367 --- [virtual-game-web-app] [           main] [                                                 ] .s.d.r.c.RepositoryConfigurationDelegate : Multiple Spring Data modules found, entering strict repository configuration mode
2025-06-29T13:45:22.310+07:00  INFO 68367 --- [virtual-game-web-app] [           main] [                                                 ] .s.d.r.c.RepositoryConfigurationDelegate : Bootstrapping Spring Data JPA repositories in DEFAULT mode.
2025-06-29T13:45:24.389+07:00  INFO 68367 --- [virtual-game-web-app] [           main] [                                                 ] .s.d.r.c.RepositoryConfigurationDelegate : Finished Spring Data repository scanning in 2063 ms. Found 8 JPA repository interfaces.
2025-06-29T13:45:24.505+07:00  INFO 68367 --- [virtual-game-web-app] [           main] [                                                 ] .s.d.r.c.RepositoryConfigurationDelegate : Multiple Spring Data modules found, entering strict repository configuration mode
2025-06-29T13:45:24.507+07:00  INFO 68367 --- [virtual-game-web-app] [           main] [                                                 ] .s.d.r.c.RepositoryConfigurationDelegate : Bootstrapping Spring Data Redis repositories in DEFAULT mode.
2025-06-29T13:45:24.586+07:00  INFO 68367 --- [virtual-game-web-app] [           main] [                                                 ] .RepositoryConfigurationExtensionSupport : Spring Data Redis - Could not safely identify store assignment for repository candidate interface co.id.virtual.game.web.app.repository.FriendshipRepository; If you want this repository to be a Redis repository, consider annotating your entities with one of these annotations: org.springframework.data.redis.core.RedisHash (preferred), or consider extending one of the following types with your repository: org.springframework.data.keyvalue.repository.KeyValueRepository
2025-06-29T13:45:24.589+07:00  INFO 68367 --- [virtual-game-web-app] [           main] [                                                 ] .RepositoryConfigurationExtensionSupport : Spring Data Redis - Could not safely identify store assignment for repository candidate interface co.id.virtual.game.web.app.repository.GameRepository; If you want this repository to be a Redis repository, consider annotating your entities with one of these annotations: org.springframework.data.redis.core.RedisHash (preferred), or consider extending one of the following types with your repository: org.springframework.data.keyvalue.repository.KeyValueRepository
2025-06-29T13:45:24.590+07:00  INFO 68367 --- [virtual-game-web-app] [           main] [                                                 ] .RepositoryConfigurationExtensionSupport : Spring Data Redis - Could not safely identify store assignment for repository candidate interface co.id.virtual.game.web.app.repository.GameSessionRepository; If you want this repository to be a Redis repository, consider annotating your entities with one of these annotations: org.springframework.data.redis.core.RedisHash (preferred), or consider extending one of the following types with your repository: org.springframework.data.keyvalue.repository.KeyValueRepository
2025-06-29T13:45:24.590+07:00  INFO 68367 --- [virtual-game-web-app] [           main] [                                                 ] .RepositoryConfigurationExtensionSupport : Spring Data Redis - Could not safely identify store assignment for repository candidate interface co.id.virtual.game.web.app.repository.TournamentParticipantRepository; If you want this repository to be a Redis repository, consider annotating your entities with one of these annotations: org.springframework.data.redis.core.RedisHash (preferred), or consider extending one of the following types with your repository: org.springframework.data.keyvalue.repository.KeyValueRepository
2025-06-29T13:45:24.591+07:00  INFO 68367 --- [virtual-game-web-app] [           main] [                                                 ] .RepositoryConfigurationExtensionSupport : Spring Data Redis - Could not safely identify store assignment for repository candidate interface co.id.virtual.game.web.app.repository.TournamentRepository; If you want this repository to be a Redis repository, consider annotating your entities with one of these annotations: org.springframework.data.redis.core.RedisHash (preferred), or consider extending one of the following types with your repository: org.springframework.data.keyvalue.repository.KeyValueRepository
2025-06-29T13:45:24.591+07:00  INFO 68367 --- [virtual-game-web-app] [           main] [                                                 ] .RepositoryConfigurationExtensionSupport : Spring Data Redis - Could not safely identify store assignment for repository candidate interface co.id.virtual.game.web.app.repository.TransactionRepository; If you want this repository to be a Redis repository, consider annotating your entities with one of these annotations: org.springframework.data.redis.core.RedisHash (preferred), or consider extending one of the following types with your repository: org.springframework.data.keyvalue.repository.KeyValueRepository
2025-06-29T13:45:24.591+07:00  INFO 68367 --- [virtual-game-web-app] [           main] [                                                 ] .RepositoryConfigurationExtensionSupport : Spring Data Redis - Could not safely identify store assignment for repository candidate interface co.id.virtual.game.web.app.repository.UserGameHistoryRepository; If you want this repository to be a Redis repository, consider annotating your entities with one of these annotations: org.springframework.data.redis.core.RedisHash (preferred), or consider extending one of the following types with your repository: org.springframework.data.keyvalue.repository.KeyValueRepository
2025-06-29T13:45:24.591+07:00  INFO 68367 --- [virtual-game-web-app] [           main] [                                                 ] .RepositoryConfigurationExtensionSupport : Spring Data Redis - Could not safely identify store assignment for repository candidate interface co.id.virtual.game.web.app.repository.UserRepository; If you want this repository to be a Redis repository, consider annotating your entities with one of these annotations: org.springframework.data.redis.core.RedisHash (preferred), or consider extending one of the following types with your repository: org.springframework.data.keyvalue.repository.KeyValueRepository
2025-06-29T13:45:24.592+07:00  INFO 68367 --- [virtual-game-web-app] [           main] [                                                 ] .s.d.r.c.RepositoryConfigurationDelegate : Finished Spring Data repository scanning in 33 ms. Found 0 Redis repository interfaces.
2025-06-29T13:45:28.397+07:00  INFO 68367 --- [virtual-game-web-app] [           main] [                                                 ] o.s.b.w.embedded.tomcat.TomcatWebServer  : Tomcat initialized with port 8080 (http)
2025-06-29T13:45:28.431+07:00  INFO 68367 --- [virtual-game-web-app] [           main] [                                                 ] o.apache.catalina.core.StandardService   : Starting service [Tomcat]
2025-06-29T13:45:28.432+07:00  INFO 68367 --- [virtual-game-web-app] [           main] [                                                 ] o.apache.catalina.core.StandardEngine    : Starting Servlet engine: [Apache Tomcat/10.1.16]
2025-06-29T13:45:30.006+07:00  INFO 68367 --- [virtual-game-web-app] [           main] [                                                 ] org.apache.jasper.servlet.TldScanner     : At least one JAR was scanned for TLDs yet contained no TLDs. Enable debug logging for this logger for a complete list of JARs that were scanned but no TLDs were found in them. Skipping unneeded JARs during scanning can improve startup time and JSP compilation time.
2025-06-29T13:45:30.026+07:00  INFO 68367 --- [virtual-game-web-app] [           main] [                                                 ] o.a.c.c.C.[Tomcat].[localhost].[/]       : Initializing Spring embedded WebApplicationContext
2025-06-29T13:45:30.029+07:00  INFO 68367 --- [virtual-game-web-app] [           main] [                                                 ] w.s.c.ServletWebServerApplicationContext : Root WebApplicationContext: initialization completed in 15020 ms
2025-06-29T13:45:31.641+07:00  INFO 68367 --- [virtual-game-web-app] [           main] [                                                 ] c.i.v.g.web.app.config.RedissonConfig    : Configuring Redisson with Redis address: redis://localhost:6379
2025-06-29T13:45:32.059+07:00  INFO 68367 --- [virtual-game-web-app] [           main] [                                                 ] org.redisson.Version                     : Redisson 3.38.0
2025-06-29T13:45:32.610+07:00  WARN 68367 --- [virtual-game-web-app] [           main] [                                                 ] i.n.r.d.DnsServerAddressStreamProviders  : Can not find io.netty.resolver.dns.macos.MacOSDnsServerAddressStreamProvider in the classpath, fallback to system defaults. This may result in incorrect DNS resolutions on MacOS. Check whether you have a dependency on 'io.netty:netty-resolver-dns-native-macos'
2025-06-29T13:45:32.997+07:00  WARN 68367 --- [virtual-game-web-app] [           main] [                                                 ] .r.c.SequentialDnsAddressResolverFactory : DNS TCP fallback on UDP query timeout disabled. Upgrade Netty to 4.1.105 or higher.
2025-06-29T13:45:33.994+07:00  INFO 68367 --- [virtual-game-web-app] [isson-netty-1-6] [                                                 ] o.redisson.connection.ConnectionsHolder  : 1 connections initialized for localhost/127.0.0.1:6379
2025-06-29T13:45:34.063+07:00  INFO 68367 --- [virtual-game-web-app] [sson-netty-1-14] [                                                 ] o.redisson.connection.ConnectionsHolder  : 5 connections initialized for localhost/127.0.0.1:6379
2025-06-29T13:45:36.983+07:00  WARN 68367 --- [virtual-game-web-app] [           main] [                                                 ] o.s.aop.framework.CglibAopProxy          : Unable to proxy interface-implementing method [public final void org.springframework.web.filter.OncePerRequestFilter.doFilter(jakarta.servlet.ServletRequest,jakarta.servlet.ServletResponse,jakarta.servlet.FilterChain) throws jakarta.servlet.ServletException,java.io.IOException] because it is marked as final, consider using interface-based JDK proxies instead.
2025-06-29T13:45:36.984+07:00  WARN 68367 --- [virtual-game-web-app] [           main] [                                                 ] o.s.aop.framework.CglibAopProxy          : Unable to proxy interface-implementing method [public final void org.springframework.web.filter.GenericFilterBean.init(jakarta.servlet.FilterConfig) throws jakarta.servlet.ServletException] because it is marked as final, consider using interface-based JDK proxies instead.
2025-06-29T13:45:38.336+07:00 DEBUG 68367 --- [virtual-game-web-app] [           main] [                                                 ] c.i.v.g.w.a.s.JwtAuthenticationFilter    : Filter 'jwtAuthenticationFilter' configured for use
2025-06-29T13:45:38.346+07:00 DEBUG 68367 --- [virtual-game-web-app] [           main] [                                                 ] c.i.v.g.w.app.filter.RateLimitingFilter  : Filter 'rateLimitingFilter' configured for use
2025-06-29T13:45:38.893+07:00  INFO 68367 --- [virtual-game-web-app] [           main] [                                                 ] com.zaxxer.hikari.HikariDataSource       : VirtualCasinoHikariCP - Starting...
2025-06-29T13:45:39.142+07:00  WARN 68367 --- [virtual-game-web-app] [sson-netty-1-16] [                                                 ] org.redisson.connection.DNSMonitor       : Use Proxy mode to utilize all ip addresses: [redis://127.0.0.1:6379, redis://0:0:0:0:0:0:0:1:6379]
2025-06-29T13:45:39.633+07:00  INFO 68367 --- [virtual-game-web-app] [           main] [                                                 ] com.zaxxer.hikari.pool.HikariPool        : VirtualCasinoHikariCP - Added connection org.postgresql.jdbc.PgConnection@2b18b308
2025-06-29T13:45:39.643+07:00  INFO 68367 --- [virtual-game-web-app] [           main] [                                                 ] com.zaxxer.hikari.HikariDataSource       : VirtualCasinoHikariCP - Start completed.
2025-06-29T13:45:40.174+07:00  INFO 68367 --- [virtual-game-web-app] [           main] [                                                 ] o.f.c.internal.license.VersionPrinter    : Flyway Community Edition 9.22.3 by Redgate
2025-06-29T13:45:40.174+07:00  INFO 68367 --- [virtual-game-web-app] [           main] [                                                 ] o.f.c.internal.license.VersionPrinter    : See release notes here: https://rd.gt/416ObMi
2025-06-29T13:45:40.174+07:00  INFO 68367 --- [virtual-game-web-app] [           main] [                                                 ] o.f.c.internal.license.VersionPrinter    : 
2025-06-29T13:45:40.338+07:00  INFO 68367 --- [virtual-game-web-app] [           main] [                                                 ] org.flywaydb.core.FlywayExecutor         : Database: jdbc:postgresql://localhost:5432/virtual_casino (PostgreSQL 14.18)
2025-06-29T13:45:40.460+07:00  INFO 68367 --- [virtual-game-web-app] [           main] [                                                 ] o.f.core.internal.command.DbValidate     : Successfully validated 1 migration (execution time 00:00.070s)
2025-06-29T13:45:40.496+07:00  INFO 68367 --- [virtual-game-web-app] [           main] [                                                 ] o.f.core.internal.command.DbMigrate      : Current version of schema "public": 1
2025-06-29T13:45:40.507+07:00  INFO 68367 --- [virtual-game-web-app] [           main] [                                                 ] o.f.core.internal.command.DbMigrate      : Schema "public" is up to date. No migration necessary.
2025-06-29T13:45:41.020+07:00  INFO 68367 --- [virtual-game-web-app] [           main] [                                                 ] o.hibernate.jpa.internal.util.LogHelper  : HHH000204: Processing PersistenceUnitInfo [name: default]
2025-06-29T13:45:41.327+07:00  INFO 68367 --- [virtual-game-web-app] [           main] [                                                 ] org.hibernate.Version                    : HHH000412: Hibernate ORM core version 6.3.1.Final
2025-06-29T13:45:41.514+07:00  INFO 68367 --- [virtual-game-web-app] [           main] [                                                 ] o.h.c.internal.RegionFactoryInitiator    : HHH000026: Second-level cache disabled
2025-06-29T13:45:42.842+07:00  INFO 68367 --- [virtual-game-web-app] [           main] [                                                 ] o.s.o.j.p.SpringPersistenceUnitInfo      : No LoadTimeWeaver setup: ignoring JPA class transformer
2025-06-29T13:45:43.249+07:00  WARN 68367 --- [virtual-game-web-app] [           main] [                                                 ] org.hibernate.orm.deprecation            : HHH90000025: PostgreSQLDialect does not need to be specified explicitly using 'hibernate.dialect' (remove the property setting and it will be selected by default)
2025-06-29T13:45:47.882+07:00  INFO 68367 --- [virtual-game-web-app] [           main] [                                                 ] o.h.e.t.j.p.i.JtaPlatformInitiator       : HHH000489: No JTA platform available (set 'hibernate.transaction.jta.platform' to enable JTA platform integration)
2025-06-29T13:45:48.545+07:00  INFO 68367 --- [virtual-game-web-app] [           main] [                                                 ] j.LocalContainerEntityManagerFactoryBean : Initialized JPA EntityManagerFactory for persistence unit 'default'
2025-06-29T13:45:48.588+07:00  WARN 68367 --- [virtual-game-web-app] [           main] [                                                 ] ConfigServletWebServerApplicationContext : Exception encountered during context initialization - cancelling refresh attempt: org.springframework.beans.factory.BeanCreationException: Error creating bean with name 'kafkaConfig': Injection of autowired dependencies failed
2025-06-29T13:45:48.588+07:00  INFO 68367 --- [virtual-game-web-app] [           main] [                                                 ] j.LocalContainerEntityManagerFactoryBean : Closing JPA EntityManagerFactory for persistence unit 'default'
2025-06-29T13:45:48.592+07:00  INFO 68367 --- [virtual-game-web-app] [           main] [                                                 ] com.zaxxer.hikari.HikariDataSource       : VirtualCasinoHikariCP - Shutdown initiated...
2025-06-29T13:45:48.597+07:00  INFO 68367 --- [virtual-game-web-app] [           main] [                                                 ] com.zaxxer.hikari.HikariDataSource       : VirtualCasinoHikariCP - Shutdown completed.
2025-06-29T13:45:49.668+07:00  WARN 68367 --- [virtual-game-web-app] [           main] [                                                 ] z.r.AsyncReporter$BoundedAsyncReporter   : Timed out waiting for in-flight spans to send
2025-06-29T13:45:49.671+07:00  INFO 68367 --- [virtual-game-web-app] [           main] [                                                 ] o.apache.catalina.core.StandardService   : Stopping service [Tomcat]
2025-06-29T13:45:49.744+07:00  INFO 68367 --- [virtual-game-web-app] [           main] [                                                 ] .s.b.a.l.ConditionEvaluationReportLogger : 

Error starting ApplicationContext. To display the condition evaluation report re-run your application with 'debug' enabled.
2025-06-29T13:45:49.864+07:00 ERROR 68367 --- [virtual-game-web-app] [           main] [                                                 ] o.s.boot.SpringApplication               : Application run failed

org.springframework.beans.factory.BeanCreationException: Error creating bean with name 'kafkaConfig': Injection of autowired dependencies failed
	at org.springframework.beans.factory.annotation.AutowiredAnnotationBeanPostProcessor.postProcessProperties(AutowiredAnnotationBeanPostProcessor.java:499) ~[spring-beans-6.1.1.jar:6.1.1]
	at org.springframework.beans.factory.support.AbstractAutowireCapableBeanFactory.populateBean(AbstractAutowireCapableBeanFactory.java:1420) ~[spring-beans-6.1.1.jar:6.1.1]
	at org.springframework.beans.factory.support.AbstractAutowireCapableBeanFactory.doCreateBean(AbstractAutowireCapableBeanFactory.java:600) ~[spring-beans-6.1.1.jar:6.1.1]
	at org.springframework.beans.factory.support.AbstractAutowireCapableBeanFactory.createBean(AbstractAutowireCapableBeanFactory.java:523) ~[spring-beans-6.1.1.jar:6.1.1]
	at org.springframework.beans.factory.support.AbstractBeanFactory.lambda$doGetBean$0(AbstractBeanFactory.java:325) ~[spring-beans-6.1.1.jar:6.1.1]
	at org.springframework.beans.factory.support.DefaultSingletonBeanRegistry.getSingleton(DefaultSingletonBeanRegistry.java:234) ~[spring-beans-6.1.1.jar:6.1.1]
	at org.springframework.beans.factory.support.AbstractBeanFactory.doGetBean(AbstractBeanFactory.java:323) ~[spring-beans-6.1.1.jar:6.1.1]
	at org.springframework.beans.factory.support.AbstractBeanFactory.getBean(AbstractBeanFactory.java:199) ~[spring-beans-6.1.1.jar:6.1.1]
	at org.springframework.beans.factory.support.DefaultListableBeanFactory.preInstantiateSingletons(DefaultListableBeanFactory.java:973) ~[spring-beans-6.1.1.jar:6.1.1]
	at org.springframework.context.support.AbstractApplicationContext.finishBeanFactoryInitialization(AbstractApplicationContext.java:946) ~[spring-context-6.1.1.jar:6.1.1]
	at org.springframework.context.support.AbstractApplicationContext.refresh(AbstractApplicationContext.java:616) ~[spring-context-6.1.1.jar:6.1.1]
	at org.springframework.boot.web.servlet.context.ServletWebServerApplicationContext.refresh(ServletWebServerApplicationContext.java:146) ~[spring-boot-3.2.0.jar:3.2.0]
	at org.springframework.boot.SpringApplication.refresh(SpringApplication.java:753) ~[spring-boot-3.2.0.jar:3.2.0]
	at org.springframework.boot.SpringApplication.refreshContext(SpringApplication.java:455) ~[spring-boot-3.2.0.jar:3.2.0]
	at org.springframework.boot.SpringApplication.run(SpringApplication.java:323) ~[spring-boot-3.2.0.jar:3.2.0]
	at org.springframework.boot.SpringApplication.run(SpringApplication.java:1342) ~[spring-boot-3.2.0.jar:3.2.0]
	at org.springframework.boot.SpringApplication.run(SpringApplication.java:1331) ~[spring-boot-3.2.0.jar:3.2.0]
	at co.id.virtual.game.web.app.VirtualGameWebAppApplication.main(VirtualGameWebAppApplication.java:20) ~[classes/:na]
Caused by: java.lang.IllegalArgumentException: Could not resolve placeholder 'spring.kafka.bootstrap-servers' in value "${spring.kafka.bootstrap-servers}"
	at org.springframework.util.PropertyPlaceholderHelper.parseStringValue(PropertyPlaceholderHelper.java:180) ~[spring-core-6.1.1.jar:6.1.1]
	at org.springframework.util.PropertyPlaceholderHelper.replacePlaceholders(PropertyPlaceholderHelper.java:126) ~[spring-core-6.1.1.jar:6.1.1]
	at org.springframework.core.env.AbstractPropertyResolver.doResolvePlaceholders(AbstractPropertyResolver.java:239) ~[spring-core-6.1.1.jar:6.1.1]
	at org.springframework.core.env.AbstractPropertyResolver.resolveRequiredPlaceholders(AbstractPropertyResolver.java:210) ~[spring-core-6.1.1.jar:6.1.1]
	at org.springframework.context.support.PropertySourcesPlaceholderConfigurer.lambda$processProperties$0(PropertySourcesPlaceholderConfigurer.java:200) ~[spring-context-6.1.1.jar:6.1.1]
	at org.springframework.beans.factory.support.AbstractBeanFactory.resolveEmbeddedValue(AbstractBeanFactory.java:921) ~[spring-beans-6.1.1.jar:6.1.1]
	at org.springframework.beans.factory.support.DefaultListableBeanFactory.doResolveDependency(DefaultListableBeanFactory.java:1372) ~[spring-beans-6.1.1.jar:6.1.1]
	at org.springframework.beans.factory.support.DefaultListableBeanFactory.resolveDependency(DefaultListableBeanFactory.java:1348) ~[spring-beans-6.1.1.jar:6.1.1]
	at org.springframework.beans.factory.annotation.AutowiredAnnotationBeanPostProcessor$AutowiredFieldElement.resolveFieldValue(AutowiredAnnotationBeanPostProcessor.java:769) ~[spring-beans-6.1.1.jar:6.1.1]
	at org.springframework.beans.factory.annotation.AutowiredAnnotationBeanPostProcessor$AutowiredFieldElement.inject(AutowiredAnnotationBeanPostProcessor.java:752) ~[spring-beans-6.1.1.jar:6.1.1]
	at org.springframework.beans.factory.annotation.InjectionMetadata.inject(InjectionMetadata.java:145) ~[spring-beans-6.1.1.jar:6.1.1]
	at org.springframework.beans.factory.annotation.AutowiredAnnotationBeanPostProcessor.postProcessProperties(AutowiredAnnotationBeanPostProcessor.java:493) ~[spring-beans-6.1.1.jar:6.1.1]
	... 17 common frames omitted

[INFO] ------------------------------------------------------------------------
[INFO] BUILD FAILURE
[INFO] ------------------------------------------------------------------------
[INFO] Total time:  51.690 s
[INFO] Finished at: 2025-06-29T13:45:49+07:00
[INFO] ------------------------------------------------------------------------
[ERROR] Failed to execute goal org.springframework.boot:spring-boot-maven-plugin:3.2.0:run (default-cli) on project virtual-game-web-app: Process terminated with exit code: 1 -> [Help 1]
[ERROR] 
[ERROR] To see the full stack trace of the errors, re-run Maven with the -e switch.
[ERROR] Re-run Maven using the -X switch to enable full debug logging.
[ERROR] 
[ERROR] For more information about the errors and possible solutions, please read the following articles:
[ERROR] [Help 1] http://cwiki.apache.org/confluence/display/MAVEN/MojoExecutionException
